<?xml version="1.0" encoding="UTF-8"?>
<!-- Generated by org.testng.reporters.JUnitReportReporter -->
<testsuite skipped="0" hostname="LBNL11443" name="com.RestAssuredFramework_Testcases.TC001_API_GET_REQUEST" tests="1" failures="0" timestamp="03 aug 2020 15:09:17 GMT" time="8.549" errors="0">
  <testcase name="getweatherDetails" time="8.549" classname="com.RestAssuredFramework_Testcases.TC001_API_GET_REQUEST"/>
</testsuite> <!-- com.RestAssuredFramework_Testcases.TC001_API_GET_REQUEST -->
