<?xml version="1.0" encoding="UTF-8"?>
<!-- Generated by org.testng.reporters.JUnitReportReporter -->
<testsuite skipped="0" hostname="LBNL11443" name="com.RestAssuredFramework_Testcases.FrameworkTC.TC001_getAllEmployees" tests="8" failures="0" timestamp="03 Aug 2020 20:22:22 GMT" time="0.097" errors="0">
  <testcase name="checkServerType" time="0.006" classname="com.RestAssuredFramework_Testcases.FrameworkTC.TC001_getAllEmployees"/>
  <testcase name="checkStatusLine" time="0.006" classname="com.RestAssuredFramework_Testcases.FrameworkTC.TC001_getAllEmployees"/>
  <testcase name="checkResponseBody" time="0.050" classname="com.RestAssuredFramework_Testcases.FrameworkTC.TC001_getAllEmployees"/>
  <testcase name="checkStatusCode" time="0.005" classname="com.RestAssuredFramework_Testcases.FrameworkTC.TC001_getAllEmployees"/>
  <testcase name="checkContentType" time="0.005" classname="com.RestAssuredFramework_Testcases.FrameworkTC.TC001_getAllEmployees"/>
  <testcase name="checkContentEncoding" time="0.012" classname="com.RestAssuredFramework_Testcases.FrameworkTC.TC001_getAllEmployees"/>
  <testcase name="checkContentLength" time="0.003" classname="com.RestAssuredFramework_Testcases.FrameworkTC.TC001_getAllEmployees"/>
  <testcase name="checkResponseTime" time="0.010" classname="com.RestAssuredFramework_Testcases.FrameworkTC.TC001_getAllEmployees"/>
</testsuite> <!-- com.RestAssuredFramework_Testcases.FrameworkTC.TC001_getAllEmployees -->
