<?xml version="1.0" encoding="UTF-8"?>
<!-- Generated by org.testng.reporters.JUnitReportReporter -->
<testsuite skipped="0" hostname="LBNL11443" name="com.RestAssuredFramework_Testcases.FrameworkTC.TC002_getSingleEmployees" tests="8" failures="0" timestamp="03 Aug 2020 20:22:22 GMT" time="0.025" errors="0">
  <testcase name="checkResponseBody" time="0.005" classname="com.RestAssuredFramework_Testcases.FrameworkTC.TC002_getSingleEmployees"/>
  <testcase name="checkServerType" time="0.003" classname="com.RestAssuredFramework_Testcases.FrameworkTC.TC002_getSingleEmployees"/>
  <testcase name="checkStatusCode" time="0.003" classname="com.RestAssuredFramework_Testcases.FrameworkTC.TC002_getSingleEmployees"/>
  <testcase name="checkContentLength" time="0.002" classname="com.RestAssuredFramework_Testcases.FrameworkTC.TC002_getSingleEmployees"/>
  <testcase name="checkStatusLine" time="0.003" classname="com.RestAssuredFramework_Testcases.FrameworkTC.TC002_getSingleEmployees"/>
  <testcase name="checkResponseTime" time="0.003" classname="com.RestAssuredFramework_Testcases.FrameworkTC.TC002_getSingleEmployees"/>
  <testcase name="checkContentEncoding" time="0.003" classname="com.RestAssuredFramework_Testcases.FrameworkTC.TC002_getSingleEmployees"/>
  <testcase name="checkContentType" time="0.003" classname="com.RestAssuredFramework_Testcases.FrameworkTC.TC002_getSingleEmployees"/>
</testsuite> <!-- com.RestAssuredFramework_Testcases.FrameworkTC.TC002_getSingleEmployees -->
