<?xml version="1.0" encoding="UTF-8"?>
<!-- Generated by org.testng.reporters.JUnitReportReporter -->
<testsuite skipped="0" hostname="LBNL11443" name="com.RestAssuredFramework_Testcases.FrameworkTC.TC003_Post_Employee_Record" tests="6" failures="0" timestamp="03 Aug 2020 20:22:22 GMT" time="0.022" errors="0">
  <testcase name="checkServerType" time="0.003" classname="com.RestAssuredFramework_Testcases.FrameworkTC.TC003_Post_Employee_Record"/>
  <testcase name="checkContentType" time="0.003" classname="com.RestAssuredFramework_Testcases.FrameworkTC.TC003_Post_Employee_Record"/>
  <testcase name="checkStatusCode" time="0.004" classname="com.RestAssuredFramework_Testcases.FrameworkTC.TC003_Post_Employee_Record"/>
  <testcase name="checkStatusLine" time="0.003" classname="com.RestAssuredFramework_Testcases.FrameworkTC.TC003_Post_Employee_Record"/>
  <testcase name="checkResponseBody" time="0.003" classname="com.RestAssuredFramework_Testcases.FrameworkTC.TC003_Post_Employee_Record"/>
  <testcase name="checkResponseTime" time="0.006" classname="com.RestAssuredFramework_Testcases.FrameworkTC.TC003_Post_Employee_Record"/>
</testsuite> <!-- com.RestAssuredFramework_Testcases.FrameworkTC.TC003_Post_Employee_Record -->
